  Compiling CUDA source file kernel.cu...
  
  C:\Users\Hubert\source\repos\cuda-lab6>"C:\Program Files\NVIDIA GPU Computing Toolkit\CUDA\v12.8\bin\nvcc.exe" -gencode=arch=compute_52,code=\"sm_52,compute_52\" --use-local-env -ccbin "C:\Program Files\Microsoft Visual Studio\2022\Community\VC\Tools\MSVC\14.40.33807\bin\HostX64\x64" -x cu -rdc=true  -I"C:\Program Files\NVIDIA GPU Computing Toolkit\CUDA\v12.8\include" -I"C:\Program Files\NVIDIA GPU Computing Toolkit\CUDA\v12.8\include"  -G   --keep-dir cuda-lab6\x64\Debug  -maxrregcount=0    --machine 64 --compile -cudart static  -g  -DWIN32 -DWIN64 -D_DEBUG -D_CONSOLE -D_MBCS -Xcompiler "/EHsc /W3 /nologo /Od /FS /Zi /RTC1 /MDd " -Xcompiler "/Fdcuda-lab6\x64\Debug\vc143.pdb" -o C:\Users\Hubert\source\repos\cuda-lab6\cuda-lab6\x64\Debug\kernel.cu.obj "C:\Users\Hubert\source\repos\cuda-lab6\kernel.cu" 
CUDACOMPILE : nvcc warning : Support for offline compilation for architectures prior to '<compute/sm/lto>_75' will be removed in a future release (Use -Wno-deprecated-gpu-targets to suppress warning).
  kernel.cu
  tmpxft_00004bc8_00000000-7_kernel.cudafe1.cpp
  
  C:\Users\Hubert\source\repos\cuda-lab6>"C:\Program Files\NVIDIA GPU Computing Toolkit\CUDA\v12.8\bin\nvcc.exe" -dlink  -o cuda-lab6\x64\Debug\cuda-lab6.device-link.obj -Xcompiler "/EHsc /W3 /nologo /Od /Zi /RTC1 /MDd " -Xcompiler "/Fdcuda-lab6\x64\Debug\vc143.pdb" -L"C:\Program Files\NVIDIA GPU Computing Toolkit\CUDA\v12.8\bin/crt" -L"C:\Program Files\NVIDIA GPU Computing Toolkit\CUDA\v12.8\lib\x64" cudart_static.lib kernel32.lib user32.lib gdi32.lib winspool.lib comdlg32.lib advapi32.lib shell32.lib ole32.lib oleaut32.lib uuid.lib odbc32.lib odbccp32.lib cudart.lib cudadevrt.lib  -gencode=arch=compute_52,code=sm_52 -G  "C:\Users\Hubert\source\repos\cuda-lab6\cuda-lab6\x64\Debug\kernel.cu.obj" 
CUDALINK : nvcc warning : Support for offline compilation for architectures prior to '<compute/sm/lto>_75' will be removed in a future release (Use -Wno-deprecated-gpu-targets to suppress warning).
  cudart_static.lib
  kernel32.lib
  user32.lib
  gdi32.lib
  winspool.lib
  comdlg32.lib
  advapi32.lib
  shell32.lib
  ole32.lib
  oleaut32.lib
  uuid.lib
  odbc32.lib
  odbccp32.lib
  cudart.lib
  cudadevrt.lib
  kernel.cu.obj
  cuda-lab6.vcxproj -> C:\Users\Hubert\source\repos\cuda-lab6\x64\Debug\cuda-lab6.exe
